#
# A fatal error has been detected by the Java Runtime Environment:
#
#  EXCEPTION_ACCESS_VIOLATION (0xc0000005) at pc=0x000000005d79a0a5, pid=13956, tid=0x00000000000037dc
#
# JRE version: Java(TM) SE Runtime Environment (8.0_101-b13) (build 1.8.0_101-b13)
# Java VM: Java HotSpot(TM) 64-Bit Server VM (25.101-b13 mixed mode windows-amd64 compressed oops)
# Problematic frame:
# V  [jvm.dll+0x12a0a5]
#
# Failed to write core dump. Minidumps are not enabled by default on client versions of Windows
#
# If you would like to submit a bug report, please visit:
#   http://bugreport.java.com/bugreport/crash.jsp
#

---------------  T H R E A D  ---------------

Current thread (0x0000000016dcf800):  JavaThread "JDWP Transport Listener: dt_socket" daemon [_thread_in_vm, id=14300, stack(0x0000000018310000,0x0000000018410000)]

siginfo: ExceptionCode=0xc0000005, reading address 0xffffffffffffffff

Registers:
RAX=0x000000001840f401, RBX=0x0000000016dcf800, RCX=0x7473694c2f6c6974, RDX=0x0000000000000000
RSP=0x000000001840f3c0, RBP=0x7473694c2f6c6974, RSI=0x000000001840f4d8, RDI=0x000000000205d220
R8 =0x0000000016dcf800, R9 =0x0000000000008000, R10=0x0000000000000000, R11=0x000000001840f6a2
R12=0x0000000000000000, R13=0x0000000016dcd508, R14=0x0000000000000000, R15=0x0000000000000000
RIP=0x000000005d79a0a5, EFLAGS=0x0000000000010206

Top of Stack: (sp=0x000000001840f3c0)
0x000000001840f3c0:   0000000016dcf800 0000000016dcf800
0x000000001840f3d0:   000000001840f488 000000005d9a2f0b
0x000000001840f3e0:   0000000016dcf800 000000005d9bf76d
0x000000001840f3f0:   0000000000000000 000000005e749155
0x000000001840f400:   00000000194330c8 000000005e75291e
0x000000001840f410:   0000000016dcf800 0000000000000000
0x000000001840f420:   0000000000000000 0000000000000000
0x000000001840f430:   7473694c2f6c6974 000000005e751a15
0x000000001840f440:   000000001840f4d8 000000001840f4b0
0x000000001840f450:   0000000000000001 00000000194330c8
0x000000001840f460:   7473694c2f6c6974 000000005e7353b3
0x000000001840f470:   000000001840f5a0 0000000000000001
0x000000001840f480:   0000000000000001 00000000194330c8
0x000000001840f490:   00000000f000100a 0000000000000000
0x000000001840f4a0:   0000000000000000 0000000000000000
0x000000001840f4b0:   0000000000000001 000000005e735571 

Instructions: (pc=0x000000005d79a0a5)
0x000000005d79a085:   cc cc cc cc cc cc cc cc cc cc cc 48 83 ec 28 48
0x000000005d79a095:   85 c9 75 07 33 c0 48 83 c4 28 c3 48 89 5c 24 20
0x000000005d79a0a5:   48 8b 19 48 85 db 74 20 48 83 fb 37 74 1a 48 8b
0x000000005d79a0b5:   13 48 8b cb ff 52 10 84 c0 74 0d 48 8b c3 48 8b 


Register to memory mapping:

RAX=0x000000001840f401 is pointing into the stack for thread: 0x0000000016dcf800
RBX=0x0000000016dcf800 is a thread
RCX=0x7473694c2f6c6974 is an unknown value
RDX=0x0000000000000000 is an unknown value
RSP=0x000000001840f3c0 is pointing into the stack for thread: 0x0000000016dcf800
RBP=0x7473694c2f6c6974 is an unknown value
RSI=0x000000001840f4d8 is pointing into the stack for thread: 0x0000000016dcf800
RDI=0x000000000205d220 is an unknown value
R8 =0x0000000016dcf800 is a thread
R9 =0x0000000000008000 is an unknown value
R10=0x0000000000000000 is an unknown value
R11=0x000000001840f6a2 is pointing into the stack for thread: 0x0000000016dcf800
R12=0x0000000000000000 is an unknown value
R13=0x0000000016dcd508 is an unknown value
R14=0x0000000000000000 is an unknown value
R15=0x0000000000000000 is an unknown value


Stack: [0x0000000018310000,0x0000000018410000],  sp=0x000000001840f3c0,  free space=1020k
Native frames: (J=compiled Java code, j=interpreted, Vv=VM code, C=native code)
V  [jvm.dll+0x12a0a5]
V  [jvm.dll+0x34f76d]
C  [jdwp.dll+0x21a15]
C  [jdwp.dll+0x53b3]
C  [jdwp.dll+0x5571]
C  [jdwp.dll+0xf0a8]
C  [jdwp.dll+0x1f2d5]
C  [jdwp.dll+0x1f4aa]
V  [jvm.dll+0x1bd258]
V  [jvm.dll+0x2451a4]
V  [jvm.dll+0x29c18a]
C  [msvcr100.dll+0x21d9f]
C  [msvcr100.dll+0x21e3b]
C  [KERNEL32.DLL+0x8364]
C  [ntdll.dll+0x670d1]


---------------  P R O C E S S  ---------------

Java Threads: ( => current thread )
  0x00000000196c5000 JavaThread "Exec Stream Pumper" daemon [_thread_in_native, id=1424, stack(0x000000001b130000,0x000000001b230000)]
  0x00000000196c1800 JavaThread "Exec Stream Pumper" daemon [_thread_in_native, id=13828, stack(0x000000001b030000,0x000000001b130000)]
  0x0000000019b18000 JavaThread "UrlChecker-2" daemon [_thread_blocked, id=13288, stack(0x000000001af20000,0x000000001b020000)]
  0x0000000019b0e000 JavaThread "Exec Default Executor" daemon [_thread_in_native, id=13864, stack(0x000000001ae20000,0x000000001af20000)]
  0x0000000018957000 JavaThread "Service Thread" daemon [_thread_blocked, id=13820, stack(0x0000000018d10000,0x0000000018e10000)]
  0x0000000016df2000 JavaThread "C1 CompilerThread2" daemon [_thread_blocked, id=8204, stack(0x0000000018810000,0x0000000018910000)]
  0x0000000016df1000 JavaThread "C2 CompilerThread1" daemon [_thread_blocked, id=14880, stack(0x0000000018710000,0x0000000018810000)]
  0x0000000016dea800 JavaThread "C2 CompilerThread0" daemon [_thread_blocked, id=14724, stack(0x0000000018610000,0x0000000018710000)]
  0x0000000016de9000 JavaThread "JDWP Command Reader" daemon [_thread_in_native, id=13276, stack(0x0000000018510000,0x0000000018610000)]
  0x0000000016ddc000 JavaThread "JDWP Event Helper Thread" daemon [_thread_blocked, id=9816, stack(0x0000000018410000,0x0000000018510000)]
=>0x0000000016dcf800 JavaThread "JDWP Transport Listener: dt_socket" daemon [_thread_in_vm, id=14300, stack(0x0000000018310000,0x0000000018410000)]
  0x0000000016dc5000 JavaThread "Attach Listener" daemon [_thread_blocked, id=12972, stack(0x0000000018210000,0x0000000018310000)]
  0x0000000016dc4000 JavaThread "Signal Dispatcher" daemon [_thread_blocked, id=12456, stack(0x0000000018110000,0x0000000018210000)]
  0x0000000016daf800 JavaThread "Finalizer" daemon [_thread_blocked, id=13764, stack(0x0000000018010000,0x0000000018110000)]
  0x0000000002255000 JavaThread "Reference Handler" daemon [_thread_blocked, id=8104, stack(0x0000000017f10000,0x0000000018010000)]
  0x0000000002165000 JavaThread "main" [_thread_blocked, id=3116, stack(0x0000000002060000,0x0000000002160000)]

Other Threads:
  0x0000000016d87000 VMThread [stack: 0x0000000017e10000,0x0000000017f10000] [id=372]
  0x0000000018976800 WatcherThread [stack: 0x0000000018e10000,0x0000000018f10000] [id=8952]

VM state:not at safepoint (normal execution)

VM Mutex/Monitor currently owned by a thread: None

Heap:
 PSYoungGen      total 38400K, used 8252K [0x00000000d5d00000, 0x00000000d8780000, 0x0000000100000000)
  eden space 33280K, 9% used [0x00000000d5d00000,0x00000000d60171c0,0x00000000d7d80000)
  from space 5120K, 99% used [0x00000000d8280000,0x00000000d87780c0,0x00000000d8780000)
  to   space 5120K, 0% used [0x00000000d7d80000,0x00000000d7d80000,0x00000000d8280000)
 ParOldGen       total 87552K, used 3481K [0x0000000081600000, 0x0000000086b80000, 0x00000000d5d00000)
  object space 87552K, 3% used [0x0000000081600000,0x0000000081966600,0x0000000086b80000)
 Metaspace       used 16435K, capacity 16768K, committed 17152K, reserved 1064960K
  class space    used 2067K, capacity 2186K, committed 2304K, reserved 1048576K

Card table byte_map: [0x0000000011620000,0x0000000011a20000] byte_map_base: 0x0000000011215000

Marking Bits: (ParMarkBitMap*) 0x000000005de8a6d0
 Begin Bits: [0x00000000120d0000, 0x0000000014078000)
 End Bits:   [0x0000000014078000, 0x0000000016020000)

Polling page: 0x00000000006a0000

CodeCache: size=245760Kb used=4750Kb max_used=4750Kb free=241010Kb
 bounds [0x0000000002260000, 0x0000000002710000, 0x0000000011260000]
 total_blobs=1807 nmethods=1424 adapters=304
 compilation: enabled

Compilation events (10 events):
Event: 17.287 Thread 0x0000000016df2000 1420       3       java.net.URI$Parser::checkChars (44 bytes)
Event: 17.287 Thread 0x0000000016df2000 nmethod 1420 0x0000000002703dd0 code [0x0000000002703fc0, 0x0000000002704908]
Event: 17.287 Thread 0x0000000016df2000 1421       3       java.io.FileDescriptor::valid (25 bytes)
Event: 17.288 Thread 0x0000000016df2000 nmethod 1421 0x00000000026fcb90 code [0x00000000026fcce0, 0x00000000026fced0]
Event: 17.288 Thread 0x0000000016df2000 1422       3       java.net.URI::access$2800 (4 bytes)
Event: 17.288 Thread 0x0000000016df2000 nmethod 1422 0x00000000026fc890 code [0x00000000026fc9e0, 0x00000000026fcb10]
Event: 17.294 Thread 0x0000000016df2000 1423       3       java.util.LinkedList::add (7 bytes)
Event: 17.294 Thread 0x0000000016df2000 nmethod 1423 0x00000000026fc4d0 code [0x00000000026fc640, 0x00000000026fc7e8]
Event: 17.294 Thread 0x0000000016df2000 1424       3       java.util.HashMap::afterNodeRemoval (1 bytes)
Event: 17.295 Thread 0x0000000016df2000 nmethod 1424 0x00000000026fc190 code [0x00000000026fc2e0, 0x00000000026fc430]

GC Heap History (4 events):
Event: 2.316 GC heap before
{Heap before GC invocations=1 (full 0):
 PSYoungGen      total 38400K, used 33280K [0x00000000d5d00000, 0x00000000d8780000, 0x0000000100000000)
  eden space 33280K, 100% used [0x00000000d5d00000,0x00000000d7d80000,0x00000000d7d80000)
  from space 5120K, 0% used [0x00000000d8280000,0x00000000d8280000,0x00000000d8780000)
  to   space 5120K, 0% used [0x00000000d7d80000,0x00000000d7d80000,0x00000000d8280000)
 ParOldGen       total 87552K, used 0K [0x0000000081600000, 0x0000000086b80000, 0x00000000d5d00000)
  object space 87552K, 0% used [0x0000000081600000,0x0000000081600000,0x0000000086b80000)
 Metaspace       used 11367K, capacity 11574K, committed 11648K, reserved 1058816K
  class space    used 1314K, capacity 1381K, committed 1408K, reserved 1048576K
Event: 2.333 GC heap after
Heap after GC invocations=1 (full 0):
 PSYoungGen      total 38400K, used 5106K [0x00000000d5d00000, 0x00000000d8780000, 0x0000000100000000)
  eden space 33280K, 0% used [0x00000000d5d00000,0x00000000d5d00000,0x00000000d7d80000)
  from space 5120K, 99% used [0x00000000d7d80000,0x00000000d827cac0,0x00000000d8280000)
  to   space 5120K, 0% used [0x00000000d8280000,0x00000000d8280000,0x00000000d8780000)
 ParOldGen       total 87552K, used 853K [0x0000000081600000, 0x0000000086b80000, 0x00000000d5d00000)
  object space 87552K, 0% used [0x0000000081600000,0x00000000816d5530,0x0000000086b80000)
 Metaspace       used 11367K, capacity 11574K, committed 11648K, reserved 1058816K
  class space    used 1314K, capacity 1381K, committed 1408K, reserved 1048576K
}
Event: 13.017 GC heap before
{Heap before GC invocations=2 (full 0):
 PSYoungGen      total 38400K, used 38386K [0x00000000d5d00000, 0x00000000d8780000, 0x0000000100000000)
  eden space 33280K, 100% used [0x00000000d5d00000,0x00000000d7d80000,0x00000000d7d80000)
  from space 5120K, 99% used [0x00000000d7d80000,0x00000000d827cac0,0x00000000d8280000)
  to   space 5120K, 0% used [0x00000000d8280000,0x00000000d8280000,0x00000000d8780000)
 ParOldGen       total 87552K, used 853K [0x0000000081600000, 0x0000000086b80000, 0x00000000d5d00000)
  object space 87552K, 0% used [0x0000000081600000,0x00000000816d5530,0x0000000086b80000)
 Metaspace       used 16249K, capacity 16618K, committed 16896K, reserved 1064960K
  class space    used 2052K, capacity 2183K, committed 2304K, reserved 1048576K
Event: 13.028 GC heap after
Heap after GC invocations=2 (full 0):
 PSYoungGen      total 38400K, used 5088K [0x00000000d5d00000, 0x00000000d8780000, 0x0000000100000000)
  eden space 33280K, 0% used [0x00000000d5d00000,0x00000000d5d00000,0x00000000d7d80000)
  from space 5120K, 99% used [0x00000000d8280000,0x00000000d87780c0,0x00000000d8780000)
  to   space 5120K, 0% used [0x00000000d7d80000,0x00000000d7d80000,0x00000000d8280000)
 ParOldGen       total 87552K, used 3481K [0x0000000081600000, 0x0000000086b80000, 0x00000000d5d00000)
  object space 87552K, 3% used [0x0000000081600000,0x0000000081966600,0x0000000086b80000)
 Metaspace       used 16249K, capacity 16618K, committed 16896K, reserved 1064960K
  class space    used 2052K, capacity 2183K, committed 2304K, reserved 1048576K
}

Deoptimization events (10 events):
Event: 1.349 Thread 0x0000000002165000 Uncommon trap: reason=class_check action=maybe_recompile pc=0x000000000241ae64 method=java.lang.String.equals(Ljava/lang/Object;)Z @ 8
Event: 1.542 Thread 0x0000000002165000 Uncommon trap: reason=unstable_if action=reinterpret pc=0x000000000245750c method=sun.misc.MetaIndex.mayContain(Ljava/lang/String;)Z @ 38
Event: 1.929 Thread 0x0000000002165000 Uncommon trap: reason=unstable_if action=reinterpret pc=0x0000000002529760 method=java.lang.CharacterDataLatin1.digit(II)I @ 82
Event: 2.633 Thread 0x0000000002165000 Uncommon trap: reason=unstable_if action=reinterpret pc=0x00000000023fd6e0 method=java.lang.String.replace(CC)Ljava/lang/String; @ 2
Event: 2.697 Thread 0x0000000019b18000 Uncommon trap: reason=unstable_if action=reinterpret pc=0x000000000252a12c method=java.lang.CharacterDataLatin1.digit(II)I @ 82
Event: 3.244 Thread 0x0000000002165000 Uncommon trap: reason=unstable_if action=reinterpret pc=0x00000000026092b0 method=java.util.concurrent.ConcurrentHashMap.addCount(JI)V @ 121
Event: 3.363 Thread 0x0000000002165000 Uncommon trap: reason=range_check action=make_not_entrant pc=0x00000000026454cc method=sun.reflect.generics.parser.SignatureParser.current()C @ 34
Event: 3.579 Thread 0x0000000002165000 Uncommon trap: reason=unstable_if action=reinterpret pc=0x000000000260f114 method=java.util.concurrent.ConcurrentHashMap.putVal(Ljava/lang/Object;Ljava/lang/Object;Z)Ljava/lang/Object; @ 181
Event: 10.441 Thread 0x0000000002165000 Uncommon trap: reason=class_check action=maybe_recompile pc=0x000000000241ae64 method=java.lang.String.equals(Ljava/lang/Object;)Z @ 8
Event: 10.441 Thread 0x0000000002165000 Uncommon trap: reason=class_check action=maybe_recompile pc=0x000000000241ae64 method=java.lang.String.equals(Ljava/lang/Object;)Z @ 8

Internal exceptions (10 events):
Event: 3.260 Thread 0x0000000002165000 Exception <a 'java/lang/NoSuchMethodError': java.lang.Object.lambda$or$2(Ljava/util/function/Predicate;Ljava/lang/Object;)Z> (0x00000000d66c8780) thrown at [C:\re\workspace\8-2-build-windows-amd64-cygwin\jdk8u101\7261\hotspot\src\share\vm\interpreter\linkR∫ 	ÅN=
@
Event: 3.280 Thread 0x0000000002165000 Exception <a 'java/lang/ArrayIndexOutOfBoundsException'> (0x00000000d67b04f8) thrown at [C:\re\workspace\8-2-build-windows-amd64-cygwin\jdk8u101\7261\hotspot\src\share\vm\runtime\sharedRuntime.cpp, line 605]
Event: 3.350 Thread 0x0000000002165000 Exception <a 'java/lang/ArrayIndexOutOfBoundsException'> (0x00000000d6aa1ba0) thrown at [C:\re\workspace\8-2-build-windows-amd64-cygwin\jdk8u101\7261\hotspot\src\share\vm\runtime\sharedRuntime.cpp, line 605]
Event: 3.350 Thread 0x0000000002165000 Exception <a 'java/lang/ArrayIndexOutOfBoundsException'> (0x00000000d6aa3510) thrown at [C:\re\workspace\8-2-build-windows-amd64-cygwin\jdk8u101\7261\hotspot\src\share\vm\runtime\sharedRuntime.cpp, line 605]
Event: 3.362 Thread 0x0000000002165000 Exception <a 'java/lang/ArrayIndexOutOfBoundsException'> (0x00000000d6b11e68) thrown at [C:\re\workspace\8-2-build-windows-amd64-cygwin\jdk8u101\7261\hotspot\src\share\vm\runtime\sharedRuntime.cpp, line 605]
Event: 3.363 Thread 0x0000000002165000 Exception <a 'java/lang/ArrayIndexOutOfBoundsException': 68> (0x00000000d6b1d078) thrown at [C:\re\workspace\8-2-build-windows-amd64-cygwin\jdk8u101\7261\hotspot\src\share\vm\interpreter\interpreterRuntime.cpp, line 366]
Event: 3.363 Thread 0x0000000002165000 Exception <a 'java/lang/ArrayIndexOutOfBoundsException': 119> (0x00000000d6b1ebd0) thrown at [C:\re\workspace\8-2-build-windows-amd64-cygwin\jdk8u101\7261\hotspot\src\share\vm\interpreter\interpreterRuntime.cpp, line 366]
Event: 3.364 Thread 0x0000000002165000 Exception <a 'java/lang/ArrayIndexOutOfBoundsException': 65> (0x00000000d6b20318) thrown at [C:\re\workspace\8-2-build-windows-amd64-cygwin\jdk8u101\7261\hotspot\src\share\vm\interpreter\interpreterRuntime.cpp, line 366]
Event: 3.380 Thread 0x0000000002165000 Exception <a 'java/lang/IncompatibleClassChangeError': Found class java.lang.Object, but interface was expected> (0x00000000d6b60808) thrown at [C:\re\workspace\8-2-build-windows-amd64-cygwin\jdk8u101\7261\hotspot\src\share\vm\interpreter\linkResolver.cpp,uò	ÂÎ *@
Event: 13.064 Thread 0x0000000002165000 Exception <a 'java/lang/NoSuchMethodError': java.lang.Object.lambda$codePoints$1()Ljava/util/Spliterator$OfInt;> (0x00000000d5d4bfa8) thrown at [C:\re\workspace\8-2-build-windows-amd64-cygwin\jdk8u101\7261\hotspot\src\share\vm\interpreter\linkResolver.cpp,íÒçò<
@

Events (10 events):
Event: 848.556 Executing VM operation: ChangeBreakpoints
Event: 848.556 Executing VM operation: ChangeBreakpoints done
Event: 848.559 Executing VM operation: ChangeBreakpoints
Event: 848.560 Executing VM operation: ChangeBreakpoints done
Event: 864.273 Executing VM operation: ChangeBreakpoints
Event: 864.273 Executing VM operation: ChangeBreakpoints done
Event: 1708.403 Executing VM operation: RedefineClasses
Event: 1708.422 Executing VM operation: RedefineClasses done
Event: 1708.424 Executing VM operation: GetOrSetLocal
Event: 1708.424 Executing VM operation: GetOrSetLocal done


Dynamic libraries:
0x00007ff64b750000 - 0x00007ff64b787000 	C:\Program Files\Java\jdk1.8.0_101\bin\java.exe
0x00007ffbffb40000 - 0x00007ffbffd11000 	C:\WINDOWS\SYSTEM32\ntdll.dll
0x00007ffbfd4e0000 - 0x00007ffbfd58c000 	C:\WINDOWS\System32\KERNEL32.DLL
0x00007ffbe6b60000 - 0x00007ffbe6b93000 	C:\Program Files\AVAST Software\Avast\x64\aswhooka.dll
0x00007ffbfc280000 - 0x00007ffbfc49d000 	C:\WINDOWS\System32\KERNELBASE.dll
0x00007ffbfd670000 - 0x00007ffbfd712000 	C:\WINDOWS\System32\ADVAPI32.dll
0x00007ffbfd590000 - 0x00007ffbfd62e000 	C:\WINDOWS\System32\msvcrt.dll
0x00007ffbfd240000 - 0x00007ffbfd299000 	C:\WINDOWS\System32\sechost.dll
0x00007ffbff690000 - 0x00007ffbff7b1000 	C:\WINDOWS\System32\RPCRT4.dll
0x00007ffbfd0d0000 - 0x00007ffbfd235000 	C:\WINDOWS\System32\USER32.dll
0x00007ffbfc260000 - 0x00007ffbfc27e000 	C:\WINDOWS\System32\win32u.dll
0x00007ffbfd630000 - 0x00007ffbfd664000 	C:\WINDOWS\System32\GDI32.dll
0x00007ffbfcdb0000 - 0x00007ffbfcf30000 	C:\WINDOWS\System32\gdi32full.dll
0x00007ffbf72b0000 - 0x00007ffbf752a000 	C:\WINDOWS\WinSxS\amd64_microsoft.windows.common-controls_6595b64144ccf1df_6.0.14393.953_none_42151e83c686086b\COMCTL32.dll
0x00007ffbfec90000 - 0x00007ffbfef58000 	C:\WINDOWS\System32\combase.dll
0x00007ffbfcfd0000 - 0x00007ffbfd0c5000 	C:\WINDOWS\System32\ucrtbase.dll
0x00007ffbfc090000 - 0x00007ffbfc0fa000 	C:\WINDOWS\System32\bcryptPrimitives.dll
0x00007ffbff8c0000 - 0x00007ffbff8ee000 	C:\WINDOWS\System32\IMM32.DLL
0x000000005e780000 - 0x000000005e852000 	C:\Program Files\Java\jdk1.8.0_101\jre\bin\msvcr100.dll
0x000000005d670000 - 0x000000005df0a000 	C:\Program Files\Java\jdk1.8.0_101\jre\bin\server\jvm.dll
0x00007ffbff250000 - 0x00007ffbff258000 	C:\WINDOWS\System32\PSAPI.DLL
0x00007ffbf8df0000 - 0x00007ffbf8df9000 	C:\WINDOWS\SYSTEM32\WSOCK32.dll
0x00007ffbffa30000 - 0x00007ffbffa9a000 	C:\WINDOWS\System32\WS2_32.dll
0x00007ffbfa4f0000 - 0x00007ffbfa513000 	C:\WINDOWS\SYSTEM32\WINMM.dll
0x00007ffbf80c0000 - 0x00007ffbf80ca000 	C:\WINDOWS\SYSTEM32\VERSION.dll
0x00007ffbfa4c0000 - 0x00007ffbfa4eb000 	C:\WINDOWS\SYSTEM32\WINMMBASE.dll
0x00007ffbfc040000 - 0x00007ffbfc082000 	C:\WINDOWS\System32\cfgmgr32.dll
0x000000005d660000 - 0x000000005d66f000 	C:\Program Files\Java\jdk1.8.0_101\jre\bin\verify.dll
0x000000005d630000 - 0x000000005d659000 	C:\Program Files\Java\jdk1.8.0_101\jre\bin\java.dll
0x000000005e730000 - 0x000000005e765000 	C:\Program Files\Java\jdk1.8.0_101\jre\bin\jdwp.dll
0x000000005e720000 - 0x000000005e728000 	C:\Program Files\Java\jdk1.8.0_101\jre\bin\npt.dll
0x000000005d610000 - 0x000000005d626000 	C:\Program Files\Java\jdk1.8.0_101\jre\bin\zip.dll
0x00007ffbfd780000 - 0x00007ffbfec88000 	C:\WINDOWS\System32\SHELL32.dll
0x00007ffbfc4a0000 - 0x00007ffbfcb7a000 	C:\WINDOWS\System32\windows.storage.dll
0x00007ffbfbfe0000 - 0x00007ffbfc02c000 	C:\WINDOWS\System32\powrprof.dll
0x00007ffbfd480000 - 0x00007ffbfd4d2000 	C:\WINDOWS\System32\shlwapi.dll
0x00007ffbfbfd0000 - 0x00007ffbfbfdf000 	C:\WINDOWS\System32\kernel.appcore.dll
0x00007ffbfc100000 - 0x00007ffbfc1a9000 	C:\WINDOWS\System32\shcore.dll
0x00007ffbfbfb0000 - 0x00007ffbfbfc4000 	C:\WINDOWS\System32\profapi.dll
0x000000005e710000 - 0x000000005e719000 	C:\Program Files\Java\jdk1.8.0_101\jre\bin\dt_socket.dll
0x00007ffbfb8e0000 - 0x00007ffbfb93c000 	C:\WINDOWS\system32\mswsock.dll
0x000000005d5f0000 - 0x000000005d60a000 	C:\Program Files\Java\jdk1.8.0_101\jre\bin\net.dll
0x00007ffbfba90000 - 0x00007ffbfbaa7000 	C:\WINDOWS\SYSTEM32\CRYPTSP.dll
0x00007ffbfb480000 - 0x00007ffbfb4b3000 	C:\WINDOWS\system32\rsaenh.dll
0x00007ffbfbb90000 - 0x00007ffbfbbbb000 	C:\WINDOWS\SYSTEM32\bcrypt.dll
0x00007ffbfb770000 - 0x00007ffbfb78f000 	C:\WINDOWS\SYSTEM32\USERENV.dll
0x00007ffbfba80000 - 0x00007ffbfba8b000 	C:\WINDOWS\SYSTEM32\CRYPTBASE.dll
0x00007ffbfb600000 - 0x00007ffbfb638000 	C:\WINDOWS\SYSTEM32\IPHLPAPI.DLL
0x00007ffbfefe0000 - 0x00007ffbfefe8000 	C:\WINDOWS\System32\NSI.dll
0x00007ffbf08b0000 - 0x00007ffbf08c6000 	C:\WINDOWS\SYSTEM32\dhcpcsvc6.DLL
0x00007ffbf0890000 - 0x00007ffbf08aa000 	C:\WINDOWS\SYSTEM32\dhcpcsvc.DLL
0x000000005d5d0000 - 0x000000005d5e1000 	C:\Program Files\Java\jdk1.8.0_101\jre\bin\nio.dll
0x00007ffbfb6b0000 - 0x00007ffbfb751000 	C:\WINDOWS\SYSTEM32\DNSAPI.dll
0x00007ffbeeeb0000 - 0x00007ffbeeeba000 	C:\Windows\System32\rasadhlp.dll
0x00007ffbf0e10000 - 0x00007ffbf0e7a000 	C:\WINDOWS\System32\fwpuclnt.dll
0x000000005d300000 - 0x000000005d324000 	C:\Program Files\Java\jdk1.8.0_101\jre\bin\sunec.dll
0x00007ffbeae80000 - 0x00007ffbeb012000 	C:\WINDOWS\SYSTEM32\dbghelp.dll

VM Arguments:
jvm_args: -agentlib:jdwp=transport=dt_socket,address=127.0.0.1:22978,suspend=y,server=n -ea -Didea.testng.sm_runner -Dfile.encoding=UTF-8 
java_command: org.testng.RemoteTestNGStarter -port 22976 -usedefaultlisteners false -socket22977 @w@C:\Users\inspiron\AppData\Local\Temp\idea_working_dirs_testng1.tmp -temp C:\Users\inspiron\AppData\Local\Temp\idea_testng1.tmp
java_class_path (initial): C:\Program Files (x86)\JetBrains\IntelliJ IDEA Community Edition 2016.2.4\lib\idea_rt.jar;C:\Program Files (x86)\JetBrains\IntelliJ IDEA Community Edition 2016.2.4\plugins\testng\lib\testng-plugin.jar;C:\Program Files\Java\jdk1.8.0_101\jre\lib\charsets.jar;C:\Program Files\Java\jdk1.8.0_101\jre\lib\deploy.jar;C:\Program Files\Java\jdk1.8.0_101\jre\lib\ext\access-bridge-64.jar;C:\Program Files\Java\jdk1.8.0_101\jre\lib\ext\cldrdata.jar;C:\Program Files\Java\jdk1.8.0_101\jre\lib\ext\dnsns.jar;C:\Program Files\Java\jdk1.8.0_101\jre\lib\ext\jaccess.jar;C:\Program Files\Java\jdk1.8.0_101\jre\lib\ext\jfxrt.jar;C:\Program Files\Java\jdk1.8.0_101\jre\lib\ext\localedata.jar;C:\Program Files\Java\jdk1.8.0_101\jre\lib\ext\nashorn.jar;C:\Program Files\Java\jdk1.8.0_101\jre\lib\ext\sunec.jar;C:\Program Files\Java\jdk1.8.0_101\jre\lib\ext\sunjce_provider.jar;C:\Program Files\Java\jdk1.8.0_101\jre\lib\ext\sunmscapi.jar;C:\Program Files\Java\jdk1.8.0_101\jre\lib\ext\sunpkcs11.jar;C:\Program Files\Java\jdk1.8.0_101\jre\lib\ext\zipfs.jar;C:\Program Files\Java\jdk1.8.0_101\jre\lib\javaws.jar;C:\Program Files\Java\jdk1.8.0_101\jre\lib\jce.jar;C:\Program Files\Java\jdk1.8.0_101\jre\lib\jfr.jar;C:\Program Files\Java\jdk1.8.0_101\jre\lib\jfxswt.jar;C:\Program Files\Java\jdk1.8.0_101\jre\lib\jsse.jar;C:\Program Files\Java\jdk1.8.0_101\jre\lib\management-agent.jar;C:\Program Files\Java\jdk1.8.0_101\jre\lib\plugin.jar;C:\Program Files\Java\jdk1.8.0_101\jre\lib\resources.jar;C:\Program Files\Java\jdk1.8.0_101\jre\lib\rt.jar;G:\Smart_Improve\target\test-classes;G:\Smart_Improve\target\classes;C:\Users\inspiron\.m2\repository\com\codeborne\selenide\4.5.1\selenide-4.5.1.jar;C:\Users\inspiron\.m2\repository\org\apache\httpcomponents\httpcore\4.4.6\httpcore-4.4.6.jar;C:\Users\inspiron\.m2\repository\org\seleniumhq\selenium\selenium-java\3.4.0\selenium-java-3.4.0.jar;C:\Users\inspiron\.m2\repository\org\seleniumhq\selenium\selenium-api\3.4.0\selenium-api-3.4.0.jar;C:\Us
Launcher Type: SUN_STANDARD

Environment Variables:
JAVA_HOME=C:\Program Files\Java\jdk1.8.0_101
PATH=C:\ProgramData\Oracle\Java\javapath;C:\Program Files (x86)\Intel\iCLS Client\;C:\Program Files\Intel\iCLS Client\;C:\WINDOWS\system32;C:\WINDOWS;C:\WINDOWS\System32\Wbem;C:\WINDOWS\System32\WindowsPowerShell\v1.0\;C:\Program Files\Intel\Intel(R) Management Engine Components\DAL;C:\Program Files (x86)\Intel\Intel(R) Management Engine Components\DAL;C:\Program Files\Intel\Intel(R) Management Engine Components\IPT;C:\Program Files (x86)\Intel\Intel(R) Management Engine Components\IPT;C:\Program Files\Intel\WiFi\bin\;C:\Program Files\Common Files\Intel\WirelessCommon\;C:\Program Files (x86)\NVIDIA Corporation\PhysX\Common;C:\Program Files\Java\jdk1.8.0_101\bin;C:\Program Files\apache-maven-3.3.9\bin;C:\Users\inspiron\AppData\Local\Google\Chrome\Application\chrome.exe;C:\Program Files (x86)\Skype\Phone\;C:\Users\inspiron\Desktop\test-task\;C:\Users\inspiron\AppData\Local\Microsoft\WindowsApps;C:\Users\inspiron\AppData\Roaming\npm
USERNAME=inspiron
OS=Windows_NT
PROCESSOR_IDENTIFIER=Intel64 Family 6 Model 61 Stepping 4, GenuineIntel



---------------  S Y S T E M  ---------------

OS: Windows 10.0 , 64 bit Build 14393 (10.0.14393.1198)

CPU:total 4 (2 cores per cpu, 2 threads per core) family 6 model 61 stepping 4, cmov, cx8, fxsr, mmx, sse, sse2, sse3, ssse3, sse4.1, sse4.2, popcnt, avx, avx2, aes, clmul, erms, 3dnowpref, lzcnt, ht, tsc, tscinvbit, bmi1, bmi2, adx

Memory: 4k page, physical 8298140k(2285028k free), swap 14662744k(4173476k free)

vm_info: Java HotSpot(TM) 64-Bit Server VM (25.101-b13) for windows-amd64 JRE (1.8.0_101-b13), built on Jun 22 2016 01:21:29 by "java_re" with MS VC++ 10.0 (VS2010)

time: Tue Aug 01 22:03:45 2017
elapsed time: 1708 seconds (0d 0h 28m 28s)

